<?xml version="1.0" encoding="UTF-8"?>
<!-- Generated by org.testng.reporters.JUnitReportReporter -->
<testsuite hostname="Gauravs-MacBook-Air.local" failures="0" tests="2" name="com.MiniBank.TestScripts.TestLogin" time="14.230" errors="0" timestamp="2021-06-13T20:07:52 IST" skipped="0">
  <testcase classname="com.MiniBank.TestScripts.TestLogin" name="loginTest" time="7.698"/>
  <system-out/>
  <testcase classname="com.MiniBank.TestScripts.TestLogin" name="validateHomePageFields" time="6.532"/>
  <system-out/>
</testsuite> <!-- com.MiniBank.TestScripts.TestLogin -->
