<?xml version="1.0" encoding="UTF-8"?>
<!-- Generated by org.testng.reporters.JUnitReportReporter -->
<testsuite hostname="Gauravs-Air" failures="0" tests="1" name="com.OrangeHRM.Utilities.LoggerClass" time="0.016" errors="0" timestamp="2021-06-14T19:56:47 IST" skipped="0">
  <testcase classname="com.OrangeHRM.Utilities.LoggerClass" name="logger" time="0.016"/>
  <system-out/>
</testsuite> <!-- com.OrangeHRM.Utilities.LoggerClass -->
