<?xml version="1.0" encoding="UTF-8"?>
<!-- Generated by org.testng.reporters.JUnitReportReporter -->
<testsuite hostname="Gauravs-Air" failures="0" tests="1" name="com.OrangeHRM.Utilities.ReadXMLFile" time="0.033" errors="0" timestamp="2021-06-14T09:03:44 IST" skipped="0">
  <testcase classname="com.OrangeHRM.Utilities.ReadXMLFile" name="parseXML" time="0.033"/>
  <system-out/>
</testsuite> <!-- com.OrangeHRM.Utilities.ReadXMLFile -->
